[debug] [2022-10-05T14:23:28.522Z] ----------------------------------------------------------------------
[debug] [2022-10-05T14:23:28.524Z] Command:       C:\Program Files\nodejs\node.exe C:\Users\kazis\AppData\Roaming\npm\node_modules\firebase-tools\lib\bin\firebase.js deploy
[debug] [2022-10-05T14:23:28.524Z] CLI Version:   11.3.0
[debug] [2022-10-05T14:23:28.524Z] Platform:      win32
[debug] [2022-10-05T14:23:28.525Z] Node Version:  v16.16.0
[debug] [2022-10-05T14:23:28.525Z] Time:          Wed Oct 05 2022 20:23:28 GMT+0600 (Bangladesh Standard Time)
[debug] [2022-10-05T14:23:28.526Z] ----------------------------------------------------------------------
[debug] 
[debug] [2022-10-05T14:23:28.585Z] > command requires scopes: ["email","openid","https://www.googleapis.com/auth/cloudplatformprojects.readonly","https://www.googleapis.com/auth/firebase","https://www.googleapis.com/auth/cloud-platform"]
[debug] [2022-10-05T14:23:28.586Z] > authorizing via signed-in user (jowel5693@gmail.com)
[debug] [2022-10-05T14:23:28.586Z] [iam] checking project kazi-sharif for permissions ["firebase.projects.get","firebasehosting.sites.update"]
[debug] [2022-10-05T14:23:28.588Z] > refreshing access token with scopes: []
[debug] [2022-10-05T14:23:28.590Z] >>> [apiv2][query] POST https://www.googleapis.com/oauth2/v3/token [none]
[debug] [2022-10-05T14:23:28.590Z] >>> [apiv2][body] POST https://www.googleapis.com/oauth2/v3/token [omitted]
[debug] [2022-10-05T14:23:52.684Z] [iam] error while checking permissions, command may fail: FirebaseError: Authentication Error: Your credentials are no longer valid. Please run firebase login --reauth

For CI servers and headless environments, generate a new token with firebase login:ci
[debug] [2022-10-05T14:23:52.685Z] > refreshing access token with scopes: []
[debug] [2022-10-05T14:23:52.687Z] >>> [apiv2][query] POST https://www.googleapis.com/oauth2/v3/token [none]
[debug] [2022-10-05T14:23:52.688Z] >>> [apiv2][body] POST https://www.googleapis.com/oauth2/v3/token [omitted]
[debug] [2022-10-05T14:24:13.733Z] Authentication Error: Your credentials are no longer valid. Please run firebase login --reauth

For CI servers and headless environments, generate a new token with firebase login:ci
[debug] [2022-10-05T14:24:15.290Z] FirebaseError: Authentication Error: Your credentials are no longer valid. Please run firebase login --reauth

For CI servers and headless environments, generate a new token with firebase login:ci
    at invalidCredentialError (C:\Users\kazis\AppData\Roaming\npm\node_modules\firebase-tools\lib\auth.js:145:12)
    at refreshTokens (C:\Users\kazis\AppData\Roaming\npm\node_modules\firebase-tools\lib\auth.js:509:15)
    at processTicksAndRejections (node:internal/process/task_queues:96:5)
    at async Client.getAccessToken (C:\Users\kazis\AppData\Roaming\npm\node_modules\firebase-tools\lib\apiv2.js:148:23)
    at async Client.addAuthHeader (C:\Users\kazis\AppData\Roaming\npm\node_modules\firebase-tools\lib\apiv2.js:139:21)
    at async Client.request (C:\Users\kazis\AppData\Roaming\npm\node_modules\firebase-tools\lib\apiv2.js:95:34)
    at async getFirebaseProject (C:\Users\kazis\AppData\Roaming\npm\node_modules\firebase-tools\lib\management\projects.js:295:21)
    at async getDefaultHostingSite (C:\Users\kazis\AppData\Roaming\npm\node_modules\firebase-tools\lib\getDefaultHostingSite.js:8:21)
    at async requireHostingSite (C:\Users\kazis\AppData\Roaming\npm\node_modules\firebase-tools\lib\requireHostingSite.js:9:18)
    at async Object.fn (C:\Users\kazis\AppData\Roaming\npm\node_modules\firebase-tools\lib\commands\deploy.js:74:9)
    at async C:\Users\kazis\AppData\Roaming\npm\node_modules\firebase-tools\lib\command.js:188:17
[error] 
[error] Error: Failed to get Firebase project kazi-sharif. Please make sure the project exists and your account has permission to access it.
